<?xml version="1.0" encoding="UTF-8"?>
<testng-results ignored="0" total="1" passed="1" failed="0" skipped="0">
  <reporter-output>
    <line>
      <![CDATA[database connected successfully]]>
    </line>
    <line>
      <![CDATA[browser launched]]>
    </line>
    <line>
      <![CDATA[logged in successfully]]>
    </line>
    <line>
      <![CDATA[logout successfully]]>
    </line>
    <line>
      <![CDATA[browser closed]]>
    </line>
    <line>
      <![CDATA[database disconnected]]>
    </line>
  </reporter-output>
  <suite started-at="2023-03-30T11:25:19 IST" name="Default suite" finished-at="2023-03-30T11:25:36 IST" duration-ms="17458">
    <groups>
    </groups>
    <test started-at="2023-03-30T11:25:19 IST" name="Default test" finished-at="2023-03-30T11:25:36 IST" duration-ms="17458">
      <class name="com.Actitime.Testscripts.TaskTest">
        <test-method is-config="true" signature="databaseconnection()[pri:0, instance:com.Actitime.Testscripts.TaskTest@7fee8714]" started-at="2023-03-30T11:25:19 IST" name="databaseconnection" finished-at="2023-03-30T11:25:19 IST" duration-ms="11" status="PASS">
          <reporter-output>
            <line>
              <![CDATA[database connected successfully]]>
            </line>
          </reporter-output>
        </test-method> <!-- databaseconnection -->
        <test-method is-config="true" signature="launchBrowser()[pri:0, instance:com.Actitime.Testscripts.TaskTest@7fee8714]" started-at="2023-03-30T11:25:19 IST" name="launchBrowser" finished-at="2023-03-30T11:25:27 IST" duration-ms="8074" status="PASS">
          <reporter-output>
            <line>
              <![CDATA[browser launched]]>
            </line>
          </reporter-output>
        </test-method> <!-- launchBrowser -->
        <test-method is-config="true" signature="login()[pri:0, instance:com.Actitime.Testscripts.TaskTest@7fee8714]" started-at="2023-03-30T11:25:27 IST" name="login" finished-at="2023-03-30T11:25:27 IST" duration-ms="393" status="PASS">
          <reporter-output>
            <line>
              <![CDATA[logged in successfully]]>
            </line>
          </reporter-output>
        </test-method> <!-- login -->
        <test-method signature="createCustomer()[pri:0, instance:com.Actitime.Testscripts.TaskTest@7fee8714]" started-at="2023-03-30T11:25:27 IST" name="createCustomer" finished-at="2023-03-30T11:25:34 IST" duration-ms="6687" status="PASS">
          <reporter-output>
          </reporter-output>
        </test-method> <!-- createCustomer -->
        <test-method is-config="true" signature="logout()[pri:0, instance:com.Actitime.Testscripts.TaskTest@7fee8714]" started-at="2023-03-30T11:25:34 IST" name="logout" finished-at="2023-03-30T11:25:36 IST" duration-ms="2168" status="PASS">
          <reporter-output>
            <line>
              <![CDATA[logout successfully]]>
            </line>
          </reporter-output>
        </test-method> <!-- logout -->
        <test-method is-config="true" signature="closeBrowser()[pri:0, instance:com.Actitime.Testscripts.TaskTest@7fee8714]" started-at="2023-03-30T11:25:36 IST" name="closeBrowser" finished-at="2023-03-30T11:25:36 IST" duration-ms="106" status="PASS">
          <reporter-output>
            <line>
              <![CDATA[browser closed]]>
            </line>
          </reporter-output>
        </test-method> <!-- closeBrowser -->
        <test-method is-config="true" signature="databasedisconnection()[pri:0, instance:com.Actitime.Testscripts.TaskTest@7fee8714]" started-at="2023-03-30T11:25:36 IST" name="databasedisconnection" finished-at="2023-03-30T11:25:36 IST" duration-ms="0" status="PASS">
          <reporter-output>
            <line>
              <![CDATA[database disconnected]]>
            </line>
          </reporter-output>
        </test-method> <!-- databasedisconnection -->
      </class> <!-- com.Actitime.Testscripts.TaskTest -->
    </test> <!-- Default test -->
  </suite> <!-- Default suite -->
</testng-results>
