<?xml version="1.0" encoding="UTF-8"?>
<!-- Generated by org.testng.reporters.JUnitXMLReporter -->
<testsuite ignored="5" hostname="Gateway-of-India" failures="1" tests="10" name="Test" time="0.26" errors="0" timestamp="2023-03-18T11:08:37 IST">
  <testcase classname="TestngPrograms.CreateCustomer" name="Dhoni" time="0.017"/>
  <testcase classname="TestngPrograms.CreateCustomer" name="Sehwag" time="0.008"/>
  <testcase classname="TestngPrograms.Chiku" name="Dhoni" time="0.016">
    <failure type="java.lang.AssertionError" message="null">
      <![CDATA[java.lang.AssertionError: null
at TestngPrograms.Chiku.Dhoni(Chiku.java:11)
at java.base/java.util.ArrayList.forEach(ArrayList.java:1511)
... Removed 29 stack frames]]>
    </failure>
  </testcase> <!-- Dhoni -->
  <testcase classname="TestngPrograms.Chiku" name="Sehwag" time="0.003"/>
  <testcase classname="TestngPrograms.ModifyCustomer" name="Dhoni" time="0.003"/>
  <testcase classname="TestngPrograms.ModifyCustomer" name="Sehwag" time="0.008"/>
  <testcase classname="TestngPrograms.DeleteCustomer" name="Dhoni" time="0.003"/>
  <testcase classname="TestngPrograms.DeleteCustomer" name="Sehwag" time="0.013"/>
  <testcase classname="TestngPrograms.EditCustomer" name="Dhoni" time="0.01"/>
  <testcase classname="TestngPrograms.EditCustomer" name="Sehwag" time="0.005"/>
  <testcase classname="TestngPrograms.Chiku" name="Ashwin" time="0.0">
    <ignored/>
  </testcase> <!-- Ashwin -->
  <testcase classname="TestngPrograms.CreateCustomer" name="Ashwin" time="0.0">
    <ignored/>
  </testcase> <!-- Ashwin -->
  <testcase classname="TestngPrograms.DeleteCustomer" name="Ashwin" time="0.0">
    <ignored/>
  </testcase> <!-- Ashwin -->
  <testcase classname="TestngPrograms.ModifyCustomer" name="Ashwin" time="0.0">
    <ignored/>
  </testcase> <!-- Ashwin -->
  <testcase classname="TestngPrograms.EditCustomer" name="Ashwin" time="0.0">
    <ignored/>
  </testcase> <!-- Ashwin -->
</testsuite> <!-- Test -->
